<?xml version="1.0" encoding="UTF-8"?>
<!-- Generated by org.testng.reporters.JUnitReportReporter -->
<testsuite hostname="Kunals-MacBook-Pro.local" failures="0" tests="2" name="oAuth.OAuthTest" time="0.954" errors="0" timestamp="2025-06-08T20:29:36 IST" skipped="0">
  <testcase classname="oAuth.OAuthTest" name="getCourseDetails" time="0.046"/>
  <testcase classname="oAuth.OAuthTest" name="getToken" time="0.908"/>
</testsuite> <!-- oAuth.OAuthTest -->
