<?xml version="1.0" encoding="UTF-8"?>
<!-- Generated by org.testng.reporters.JUnitReportReporter -->
<testsuite hostname="Kunals-MacBook-Pro.local" failures="0" tests="3" name="jiraAPI.JiraBugAPI" time="4.135" errors="0" timestamp="2025-06-08T18:18:27 IST" skipped="0">
  <testcase classname="jiraAPI.JiraBugAPI" name="addAttachment" time="1.698"/>
  <testcase classname="jiraAPI.JiraBugAPI" name="createBug" time="1.920"/>
  <testcase classname="jiraAPI.JiraBugAPI" name="getIssueDetails" time="0.517"/>
</testsuite> <!-- jiraAPI.JiraBugAPI -->
