<?xml version="1.0" encoding="UTF-8"?>
<!-- Generated by org.testng.reporters.JUnitReportReporter -->
<testsuite hostname="Kunals-MacBook-Pro.local" failures="0" tests="2" name="jiraAPI.CreateBug" time="3.512" errors="0" timestamp="2025-06-08T18:05:21 IST" skipped="0">
  <testcase classname="jiraAPI.CreateBug" name="createBug" time="1.680"/>
  <testcase classname="jiraAPI.CreateBug" name="addAttachment" time="1.832"/>
</testsuite> <!-- jiraAPI.CreateBug -->
